Using pre-set license
Built from '2020.3/staging' branch; Version is '2020.3.3f1 (76626098c1c4) revision 7758432'; Using compiler version '192528614'; Build Type 'Release'
OS: 'Windows 10 Home; OS build 19042.928; Version 2009; 64bit' Language: 'en' Physical Memory: 16334 MB
BatchMode: 1, IsHumanControllingUs: 0, StartBugReporterOnCrash: 0, Is64bit: 1, IsPro: 0

 COMMAND LINE ARGUMENTS:
C:\Program Files\Unity\Hub\Editor\2020.3.3f1\Editor\Unity.exe
-adb2
-batchMode
-noUpm
-name
AssetImportWorker0
-projectPath
C:/Users/Owner/Documents/GitHub/Apple Picker Prototype
-logFile
Logs/AssetImportWorker0.log
-srvPort
50722
Successfully changed project path to: C:/Users/Owner/Documents/GitHub/Apple Picker Prototype
C:/Users/Owner/Documents/GitHub/Apple Picker Prototype
Using Asset Import Pipeline V2.
Refreshing native plugins compatible for Editor in 23.14 ms, found 0 plugins.
Preloading 0 native plugins for Editor in 0.00 ms.
Initialize engine version: 2020.3.3f1 (76626098c1c4)
[Subsystems] Discovering subsystems at path C:/Program Files/Unity/Hub/Editor/2020.3.3f1/Editor/Data/Resources/UnitySubsystems
[Subsystems] Discovering subsystems at path C:/Users/Owner/Documents/GitHub/Apple Picker Prototype/Assets
GfxDevice: creating device client; threaded=0
Direct3D:
    Version:  Direct3D 11.0 [level 11.1]
    Renderer: Radeon RX 590 Series (ID=0x67df)
    Vendor:   
    VRAM:     8171 MB
    Driver:   27.20.14501.18003
Initialize mono
Mono path[0] = 'C:/Program Files/Unity/Hub/Editor/2020.3.3f1/Editor/Data/Managed'
Mono path[1] = 'C:/Program Files/Unity/Hub/Editor/2020.3.3f1/Editor/Data/MonoBleedingEdge/lib/mono/unityjit'
Mono config path = 'C:/Program Files/Unity/Hub/Editor/2020.3.3f1/Editor/Data/MonoBleedingEdge/etc'
Using monoOptions --debugger-agent=transport=dt_socket,embedding=1,server=y,suspend=n,address=127.0.0.1:56128
Begin MonoManager ReloadAssembly
Registering precompiled unity dll's ...
Register platform support module: C:/Program Files/Unity/Hub/Editor/2020.3.3f1/Editor/Data/PlaybackEngines/WebGLSupport/UnityEditor.WebGL.Extensions.dll
Register platform support module: C:/Program Files/Unity/Hub/Editor/2020.3.3f1/Editor/Data/PlaybackEngines/WindowsStandaloneSupport/UnityEditor.WindowsStandalone.Extensions.dll
Registered in 0.002597 seconds.
Native extension for WindowsStandalone target not found
Native extension for WebGL target not found
Refreshing native plugins compatible for Editor in 21.75 ms, found 0 plugins.
Preloading 0 native plugins for Editor in 0.00 ms.
Invoked RoslynAnalysisRunner static constructor.
RoslynAnalysisRunner will not be running.
RoslynAnalysisRunner has terminated.
Mono: successfully reloaded assembly
- Completed reload, in  1.116 seconds
Platform modules already initialized, skipping
Registering precompiled user dll's ...
Registered in 0.000517 seconds.
Begin MonoManager ReloadAssembly
Native extension for WindowsStandalone target not found
Native extension for WebGL target not found
Refreshing native plugins compatible for Editor in 0.20 ms, found 0 plugins.
Preloading 0 native plugins for Editor in 0.00 ms.
Invoked RoslynAnalysisRunner static constructor.
RoslynAnalysisRunner will not be running.
RoslynAnalysisRunner has terminated.
Mono: successfully reloaded assembly
- Completed reload, in  0.713 seconds
Platform modules already initialized, skipping
========================================================================
Worker process is ready to serve import requests
Launched and connected shader compiler UnityShaderCompiler.exe after 0.04 seconds
Refreshing native plugins compatible for Editor in 0.18 ms, found 0 plugins.
Preloading 0 native plugins for Editor in 0.00 ms.
Unloading 1115 Unused Serialized files (Serialized files now loaded: 0)
System memory in use before: 57.1 MB.
System memory in use after: 57.1 MB.

Unloading 10 unused Assets to reduce memory usage. Loaded Objects now: 1557.
Total: 1.757200 ms (FindLiveObjects: 0.239600 ms CreateObjectMapping: 0.038800 ms MarkObjects: 1.394200 ms  DeleteObjects: 0.083300 ms)

========================================================================
Received Import Request.
  path: Assets/Scenes/SampleScene.unity
  artifactKey: Guid(9fc0d4010bbf28b4594072e72b8655ab) Importer(815301076,1909f56bfc062723c751e8b465ee728b)
Start importing Assets/Scenes/SampleScene.unity using Guid(9fc0d4010bbf28b4594072e72b8655ab) Importer(815301076,1909f56bfc062723c751e8b465ee728b)  -> (artifact id: 'f5c2f2c2a1bc51d97acb4e2643276eeb') in 0.017291 seconds
  Import took 0.019890 seconds .

========================================================================
Received Import Request.
  Time since last request: 8.407328 seconds.
  path: Assets/Scenes/Scene_0.unity
  artifactKey: Guid(9fc0d4010bbf28b4594072e72b8655ab) Importer(815301076,1909f56bfc062723c751e8b465ee728b)
Start importing Assets/Scenes/Scene_0.unity using Guid(9fc0d4010bbf28b4594072e72b8655ab) Importer(815301076,1909f56bfc062723c751e8b465ee728b)  -> (artifact id: '64106ade9fdc9eed192a0c6c4a3c722a') in 0.009130 seconds
  Import took 0.011679 seconds .

========================================================================
Received Import Request.
  Time since last request: 7214.248979 seconds.
  path: Assets
  artifactKey: Guid(00000000000000001000000000000000) Importer(815301076,1909f56bfc062723c751e8b465ee728b)
Start importing Assets using Guid(00000000000000001000000000000000) Importer(815301076,1909f56bfc062723c751e8b465ee728b)  -> (artifact id: 'b2e0e235c0f4af3754229b664788db90') in 0.009701 seconds
  Import took 0.025205 seconds .

========================================================================
Received Import Request.
  Time since last request: 5.007966 seconds.
  path: Assets/Scripts
  artifactKey: Guid(89d7baa356bd5264a991c64112b8fd39) Importer(815301076,1909f56bfc062723c751e8b465ee728b)
Start importing Assets/Scripts using Guid(89d7baa356bd5264a991c64112b8fd39) Importer(815301076,1909f56bfc062723c751e8b465ee728b)  -> (artifact id: 'ec602cde19be7a52362f1a8491cffa23') in 0.008210 seconds
  Import took 0.010548 seconds .

========================================================================
Received Import Request.
  Time since last request: 0.000184 seconds.
  path: Assets/Scripts
  artifactKey: Guid(89d7baa356bd5264a991c64112b8fd39) Importer(815301076,1909f56bfc062723c751e8b465ee728b)
Start importing Assets/Scripts using Guid(89d7baa356bd5264a991c64112b8fd39) Importer(815301076,1909f56bfc062723c751e8b465ee728b)  -> (artifact id: 'ec602cde19be7a52362f1a8491cffa23') in 0.001689 seconds
  Import took 0.003600 seconds .

========================================================================
Received Import Request.
  Time since last request: 6.287217 seconds.
  path: Assets/Scripts/NewBehaviourScript.cs
  artifactKey: Guid(2568ac3e1606ce24fb519e2cbbe8d9a5) Importer(815301076,1909f56bfc062723c751e8b465ee728b)
Start importing Assets/Scripts/NewBehaviourScript.cs using Guid(2568ac3e1606ce24fb519e2cbbe8d9a5) Importer(815301076,1909f56bfc062723c751e8b465ee728b)  -> (artifact id: '77e57c2ed7b717cbbb466382db094312') in 0.032821 seconds
  Import took 0.035032 seconds .

========================================================================
Received Import Request.
  Time since last request: 2.695491 seconds.
  path: Assets/Scripts/NewBehaviourScript1.cs
  artifactKey: Guid(b417a954ffe3c454ebd3f3e72ffab7ee) Importer(815301076,1909f56bfc062723c751e8b465ee728b)
Start importing Assets/Scripts/NewBehaviourScript1.cs using Guid(b417a954ffe3c454ebd3f3e72ffab7ee) Importer(815301076,1909f56bfc062723c751e8b465ee728b)  -> (artifact id: 'b3f43c7078b3d0e68baf13d9c002bc2a') in 0.008381 seconds
  Import took 0.010396 seconds .

========================================================================
Received Import Request.
  Time since last request: 0.595879 seconds.
  path: Assets/Scripts/NewBehaviourScript2.cs
  artifactKey: Guid(ef6199ec801ac66418d822e638b852eb) Importer(815301076,1909f56bfc062723c751e8b465ee728b)
Start importing Assets/Scripts/NewBehaviourScript2.cs using Guid(ef6199ec801ac66418d822e638b852eb) Importer(815301076,1909f56bfc062723c751e8b465ee728b)  -> (artifact id: '66e4d3c81fb057cb3e9b3d4c0166690b') in 0.008284 seconds
  Import took 0.010247 seconds .

========================================================================
Received Import Request.
  Time since last request: 0.000471 seconds.
  path: Assets/Scripts/NewBehaviourScript2.cs
  artifactKey: Guid(ef6199ec801ac66418d822e638b852eb) Importer(815301076,1909f56bfc062723c751e8b465ee728b)
Start importing Assets/Scripts/NewBehaviourScript2.cs using Guid(ef6199ec801ac66418d822e638b852eb) Importer(815301076,1909f56bfc062723c751e8b465ee728b)  -> (artifact id: '66e4d3c81fb057cb3e9b3d4c0166690b') in 0.002076 seconds
  Import took 0.003687 seconds .

========================================================================
Received Prepare
Registering precompiled user dll's ...
Registered in 0.000818 seconds.
Begin MonoManager ReloadAssembly
Native extension for WindowsStandalone target not found
Native extension for WebGL target not found
Refreshing native plugins compatible for Editor in 0.20 ms, found 0 plugins.
Preloading 0 native plugins for Editor in 0.00 ms.
Invoked RoslynAnalysisRunner static constructor.
RoslynAnalysisRunner will not be running.
RoslynAnalysisRunner has terminated.
Mono: successfully reloaded assembly
- Completed reload, in  0.685 seconds
Platform modules already initialized, skipping
Refreshing native plugins compatible for Editor in 0.19 ms, found 0 plugins.
Preloading 0 native plugins for Editor in 0.00 ms.
Unloading 1113 Unused Serialized files (Serialized files now loaded: 0)
System memory in use before: 57.1 MB.
System memory in use after: 57.2 MB.

Unloading 5 unused Assets to reduce memory usage. Loaded Objects now: 1563.
Total: 1.433800 ms (FindLiveObjects: 0.130200 ms CreateObjectMapping: 0.025100 ms MarkObjects: 1.225300 ms  DeleteObjects: 0.052000 ms)

========================================================================
Received Import Request.
  Time since last request: 19.509744 seconds.
  path: Assets/Scripts/ApplePicker.cs
  artifactKey: Guid(2568ac3e1606ce24fb519e2cbbe8d9a5) Importer(815301076,1909f56bfc062723c751e8b465ee728b)
Start importing Assets/Scripts/ApplePicker.cs using Guid(2568ac3e1606ce24fb519e2cbbe8d9a5) Importer(815301076,1909f56bfc062723c751e8b465ee728b)  -> (artifact id: '08d4f18b146d30b67698b3aae0474a70') in 0.009312 seconds
  Import took 0.011203 seconds .

========================================================================
Received Import Request.
  Time since last request: 0.001462 seconds.
  path: Assets/Scripts/ApplePicker.cs
  artifactKey: Guid(2568ac3e1606ce24fb519e2cbbe8d9a5) Importer(815301076,1909f56bfc062723c751e8b465ee728b)
Start importing Assets/Scripts/ApplePicker.cs using Guid(2568ac3e1606ce24fb519e2cbbe8d9a5) Importer(815301076,1909f56bfc062723c751e8b465ee728b)  -> (artifact id: '08d4f18b146d30b67698b3aae0474a70') in 0.002052 seconds
  Import took 0.003439 seconds .

========================================================================
Received Prepare
Registering precompiled user dll's ...
Registered in 0.000661 seconds.
Begin MonoManager ReloadAssembly
Native extension for WindowsStandalone target not found
Native extension for WebGL target not found
Refreshing native plugins compatible for Editor in 0.19 ms, found 0 plugins.
Preloading 0 native plugins for Editor in 0.00 ms.
Invoked RoslynAnalysisRunner static constructor.
RoslynAnalysisRunner will not be running.
RoslynAnalysisRunner has terminated.
Mono: successfully reloaded assembly
- Completed reload, in  0.649 seconds
Platform modules already initialized, skipping
Refreshing native plugins compatible for Editor in 0.18 ms, found 0 plugins.
Preloading 0 native plugins for Editor in 0.00 ms.
Unloading 1113 Unused Serialized files (Serialized files now loaded: 0)
System memory in use before: 57.1 MB.
System memory in use after: 57.2 MB.

Unloading 5 unused Assets to reduce memory usage. Loaded Objects now: 1566.
Total: 1.437600 ms (FindLiveObjects: 0.160300 ms CreateObjectMapping: 0.029700 ms MarkObjects: 1.198500 ms  DeleteObjects: 0.048300 ms)

========================================================================
Received Import Request.
  Time since last request: 6.500850 seconds.
  path: Assets/Scripts/Apple.cs
  artifactKey: Guid(b417a954ffe3c454ebd3f3e72ffab7ee) Importer(815301076,1909f56bfc062723c751e8b465ee728b)
Start importing Assets/Scripts/Apple.cs using Guid(b417a954ffe3c454ebd3f3e72ffab7ee) Importer(815301076,1909f56bfc062723c751e8b465ee728b)  -> (artifact id: '87180f626e5d67baab82f966e802f0c6') in 0.008596 seconds
  Import took 0.010675 seconds .

========================================================================
Received Prepare
Registering precompiled user dll's ...
Registered in 0.000546 seconds.
Begin MonoManager ReloadAssembly
Native extension for WindowsStandalone target not found
Native extension for WebGL target not found
Refreshing native plugins compatible for Editor in 0.18 ms, found 0 plugins.
Preloading 0 native plugins for Editor in 0.00 ms.
Invoked RoslynAnalysisRunner static constructor.
RoslynAnalysisRunner will not be running.
RoslynAnalysisRunner has terminated.
Mono: successfully reloaded assembly
- Completed reload, in  0.639 seconds
Platform modules already initialized, skipping
Refreshing native plugins compatible for Editor in 0.20 ms, found 0 plugins.
Preloading 0 native plugins for Editor in 0.00 ms.
Unloading 1113 Unused Serialized files (Serialized files now loaded: 0)
System memory in use before: 57.1 MB.
System memory in use after: 57.2 MB.

Unloading 5 unused Assets to reduce memory usage. Loaded Objects now: 1569.
Total: 1.489400 ms (FindLiveObjects: 0.183800 ms CreateObjectMapping: 0.031600 ms MarkObjects: 1.220800 ms  DeleteObjects: 0.052400 ms)

========================================================================
Received Import Request.
  Time since last request: 7.173153 seconds.
  path: Assets/Scripts/Apple Tree.cs
  artifactKey: Guid(ef6199ec801ac66418d822e638b852eb) Importer(815301076,1909f56bfc062723c751e8b465ee728b)
Start importing Assets/Scripts/Apple Tree.cs using Guid(ef6199ec801ac66418d822e638b852eb) Importer(815301076,1909f56bfc062723c751e8b465ee728b)  -> (artifact id: '988332d9356954b9c717cb77950dd59e') in 0.009184 seconds
  Import took 0.011334 seconds .

========================================================================
Received Import Request.
  Time since last request: 0.000935 seconds.
  path: Assets/Scripts/Apple Tree.cs
  artifactKey: Guid(ef6199ec801ac66418d822e638b852eb) Importer(815301076,1909f56bfc062723c751e8b465ee728b)
Start importing Assets/Scripts/Apple Tree.cs using Guid(ef6199ec801ac66418d822e638b852eb) Importer(815301076,1909f56bfc062723c751e8b465ee728b)  -> (artifact id: '988332d9356954b9c717cb77950dd59e') in 0.001907 seconds
  Import took 0.003168 seconds .

========================================================================
Received Prepare
Registering precompiled user dll's ...
Registered in 0.000599 seconds.
Begin MonoManager ReloadAssembly
Native extension for WindowsStandalone target not found
Native extension for WebGL target not found
Refreshing native plugins compatible for Editor in 0.19 ms, found 0 plugins.
Preloading 0 native plugins for Editor in 0.00 ms.
Invoked RoslynAnalysisRunner static constructor.
RoslynAnalysisRunner will not be running.
RoslynAnalysisRunner has terminated.
Mono: successfully reloaded assembly
- Completed reload, in  0.654 seconds
Platform modules already initialized, skipping
Refreshing native plugins compatible for Editor in 0.18 ms, found 0 plugins.
Preloading 0 native plugins for Editor in 0.00 ms.
Unloading 1113 Unused Serialized files (Serialized files now loaded: 0)
System memory in use before: 57.2 MB.
System memory in use after: 57.2 MB.

Unloading 5 unused Assets to reduce memory usage. Loaded Objects now: 1572.
Total: 1.425300 ms (FindLiveObjects: 0.142300 ms CreateObjectMapping: 0.025300 ms MarkObjects: 1.206500 ms  DeleteObjects: 0.050300 ms)

========================================================================
Received Import Request.
  Time since last request: 7.325844 seconds.
  path: Assets/Scripts/AppleTree.cs
  artifactKey: Guid(ef6199ec801ac66418d822e638b852eb) Importer(815301076,1909f56bfc062723c751e8b465ee728b)
Start importing Assets/Scripts/AppleTree.cs using Guid(ef6199ec801ac66418d822e638b852eb) Importer(815301076,1909f56bfc062723c751e8b465ee728b)  -> (artifact id: '65cb93ef6039fa4c0998029f7616b753') in 0.010496 seconds
  Import took 0.012276 seconds .

========================================================================
Received Prepare
Registering precompiled user dll's ...
Registered in 0.000485 seconds.
Begin MonoManager ReloadAssembly
Native extension for WindowsStandalone target not found
Native extension for WebGL target not found
Refreshing native plugins compatible for Editor in 0.19 ms, found 0 plugins.
Preloading 0 native plugins for Editor in 0.00 ms.
Invoked RoslynAnalysisRunner static constructor.
RoslynAnalysisRunner will not be running.
RoslynAnalysisRunner has terminated.
Mono: successfully reloaded assembly
- Completed reload, in  0.647 seconds
Platform modules already initialized, skipping
Refreshing native plugins compatible for Editor in 0.19 ms, found 0 plugins.
Preloading 0 native plugins for Editor in 0.00 ms.
Unloading 1113 Unused Serialized files (Serialized files now loaded: 0)
System memory in use before: 57.2 MB.
System memory in use after: 57.2 MB.

Unloading 5 unused Assets to reduce memory usage. Loaded Objects now: 1575.
Total: 1.427500 ms (FindLiveObjects: 0.139600 ms CreateObjectMapping: 0.024800 ms MarkObjects: 1.214200 ms  DeleteObjects: 0.048100 ms)

========================================================================
Received Import Request.
  Time since last request: 8.494728 seconds.
  path: Assets/Scripts/Basket.cs
  artifactKey: Guid(2e21af5ec27bc5440b18cff873f7c66f) Importer(815301076,1909f56bfc062723c751e8b465ee728b)
Start importing Assets/Scripts/Basket.cs using Guid(2e21af5ec27bc5440b18cff873f7c66f) Importer(815301076,1909f56bfc062723c751e8b465ee728b)  -> (artifact id: 'd7fbe1a76d35c598ec8f912ff8530208') in 0.008852 seconds
  Import took 0.010583 seconds .

========================================================================
Received Prepare
Registering precompiled user dll's ...
Registered in 0.000604 seconds.
Begin MonoManager ReloadAssembly
Native extension for WindowsStandalone target not found
Native extension for WebGL target not found
Refreshing native plugins compatible for Editor in 0.22 ms, found 0 plugins.
Preloading 0 native plugins for Editor in 0.00 ms.
Invoked RoslynAnalysisRunner static constructor.
RoslynAnalysisRunner will not be running.
RoslynAnalysisRunner has terminated.
Mono: successfully reloaded assembly
- Completed reload, in  0.687 seconds
Platform modules already initialized, skipping
Refreshing native plugins compatible for Editor in 0.18 ms, found 0 plugins.
Preloading 0 native plugins for Editor in 0.00 ms.
Unloading 1114 Unused Serialized files (Serialized files now loaded: 0)
System memory in use before: 57.2 MB.
System memory in use after: 57.3 MB.

Unloading 5 unused Assets to reduce memory usage. Loaded Objects now: 1579.
Total: 1.357500 ms (FindLiveObjects: 0.172200 ms CreateObjectMapping: 0.032300 ms MarkObjects: 1.109300 ms  DeleteObjects: 0.042800 ms)

========================================================================
Received Import Request.
  Time since last request: 1886.568334 seconds.
  path: Assets/Materials
  artifactKey: Guid(db482ea83c60d0142a6f482033694ace) Importer(815301076,1909f56bfc062723c751e8b465ee728b)
Start importing Assets/Materials using Guid(db482ea83c60d0142a6f482033694ace) Importer(815301076,1909f56bfc062723c751e8b465ee728b)  -> (artifact id: 'f1defb0dc3a59a66674a35be2557b5d0') in 0.010140 seconds
  Import took 0.011902 seconds .

========================================================================
Received Import Request.
  Time since last request: 10.311044 seconds.
  path: Assets/Materials/New Material.mat
  artifactKey: Guid(186a9020c10e3994f87a86c0a902d83f) Importer(815301076,1909f56bfc062723c751e8b465ee728b)
Start importing Assets/Materials/New Material.mat using Guid(186a9020c10e3994f87a86c0a902d83f) Importer(815301076,1909f56bfc062723c751e8b465ee728b)  -> (artifact id: '862bfd5ec7cd05d94640183c32c9c8d3') in 0.099945 seconds
  Import took 0.101621 seconds .

========================================================================
Received Import Request.
  Time since last request: 100.044346 seconds.
  path: Assets/Materials/Mat_Leaves.mat
  artifactKey: Guid(ed1c705253bd8f74daef5a45db105240) Importer(815301076,1909f56bfc062723c751e8b465ee728b)
Start importing Assets/Materials/Mat_Leaves.mat using Guid(ed1c705253bd8f74daef5a45db105240) Importer(815301076,1909f56bfc062723c751e8b465ee728b)  -> (artifact id: '05f66573f44ecfa89d586bf7c8f483d1') in 0.015305 seconds
  Import took 0.017358 seconds .

========================================================================
Received Import Request.
  Time since last request: 35.037267 seconds.
  path: Assets/Prefabs
  artifactKey: Guid(3c527bb17833a9a42a76b85fe1a17c2f) Importer(815301076,1909f56bfc062723c751e8b465ee728b)
Start importing Assets/Prefabs using Guid(3c527bb17833a9a42a76b85fe1a17c2f) Importer(815301076,1909f56bfc062723c751e8b465ee728b)  -> (artifact id: 'c4cb36776a66c84b947a9c545b0681d5') in 0.012778 seconds
  Import took 0.014431 seconds .

========================================================================
Received Import Request.
  Time since last request: 2.124438 seconds.
  path: Assets/Prefabs/Apple Tree.prefab
  artifactKey: Guid(8884ff1b9e461524da4c4d95318507d4) Importer(815301076,1909f56bfc062723c751e8b465ee728b)
Start importing Assets/Prefabs/Apple Tree.prefab using Guid(8884ff1b9e461524da4c4d95318507d4) Importer(815301076,1909f56bfc062723c751e8b465ee728b)  -> (artifact id: '79d672d496047b97b06006e23ea4ca9d') in 0.030767 seconds
  Import took 0.032867 seconds .

========================================================================
Received Import Request.
  Time since last request: 206.397374 seconds.
  path: Assets/Materials/Mat_Leaves.mat
  artifactKey: Guid(ed1c705253bd8f74daef5a45db105240) Importer(815301076,1909f56bfc062723c751e8b465ee728b)
Start importing Assets/Materials/Mat_Leaves.mat using Guid(ed1c705253bd8f74daef5a45db105240) Importer(815301076,1909f56bfc062723c751e8b465ee728b)  -> (artifact id: '204c6ef8a0802c499982fe3722e40cf3') in 0.013430 seconds
  Import took 0.015263 seconds .

========================================================================
Received Import Request.
  Time since last request: 0.000123 seconds.
  path: Assets/Materials/Mat_Wood.mat
  artifactKey: Guid(186a9020c10e3994f87a86c0a902d83f) Importer(815301076,1909f56bfc062723c751e8b465ee728b)
Start importing Assets/Materials/Mat_Wood.mat using Guid(186a9020c10e3994f87a86c0a902d83f) Importer(815301076,1909f56bfc062723c751e8b465ee728b)  -> (artifact id: '3173e6113a18a817dcbb9148a14a8768') in 0.022110 seconds
  Import took 0.023576 seconds .

========================================================================
Received Import Request.
  Time since last request: 8.432680 seconds.
  path: Assets/Materials/Mat_Apple.mat
  artifactKey: Guid(768eea208f7ebe64d99b67e838ece98b) Importer(815301076,1909f56bfc062723c751e8b465ee728b)
Start importing Assets/Materials/Mat_Apple.mat using Guid(768eea208f7ebe64d99b67e838ece98b) Importer(815301076,1909f56bfc062723c751e8b465ee728b)  -> (artifact id: '1aeedc43ae4d352a647cee7f6e21795a') in 0.013456 seconds
  Import took 0.015206 seconds .

========================================================================
Received Import Request.
  Time since last request: 31.378614 seconds.
  path: Assets/Materials/Mat_Apple.mat
  artifactKey: Guid(768eea208f7ebe64d99b67e838ece98b) Importer(815301076,1909f56bfc062723c751e8b465ee728b)
Start importing Assets/Materials/Mat_Apple.mat using Guid(768eea208f7ebe64d99b67e838ece98b) Importer(815301076,1909f56bfc062723c751e8b465ee728b)  -> (artifact id: '383babc1696ceff25e34000c1fefb26c') in 0.014730 seconds
  Import took 0.016563 seconds .

========================================================================
Received Prepare
Registering precompiled user dll's ...
Registered in 0.000464 seconds.
Begin MonoManager ReloadAssembly
Native extension for WindowsStandalone target not found
Native extension for WebGL target not found
Refreshing native plugins compatible for Editor in 0.19 ms, found 0 plugins.
Preloading 0 native plugins for Editor in 0.00 ms.
Invoked RoslynAnalysisRunner static constructor.
RoslynAnalysisRunner will not be running.
RoslynAnalysisRunner has terminated.
Mono: successfully reloaded assembly
- Completed reload, in  0.641 seconds
Platform modules already initialized, skipping
Refreshing native plugins compatible for Editor in 0.19 ms, found 0 plugins.
Preloading 0 native plugins for Editor in 0.00 ms.
Unloading 1114 Unused Serialized files (Serialized files now loaded: 0)
System memory in use before: 60.6 MB.
System memory in use after: 60.7 MB.

Unloading 5 unused Assets to reduce memory usage. Loaded Objects now: 1624.
Total: 1.512900 ms (FindLiveObjects: 0.199900 ms CreateObjectMapping: 0.031500 ms MarkObjects: 1.232400 ms  DeleteObjects: 0.048100 ms)

========================================================================
Received Prepare
Registering precompiled user dll's ...
Registered in 0.000595 seconds.
Begin MonoManager ReloadAssembly
Native extension for WindowsStandalone target not found
Native extension for WebGL target not found
Refreshing native plugins compatible for Editor in 0.20 ms, found 0 plugins.
Preloading 0 native plugins for Editor in 0.00 ms.
Invoked RoslynAnalysisRunner static constructor.
RoslynAnalysisRunner will not be running.
RoslynAnalysisRunner has terminated.
Mono: successfully reloaded assembly
- Completed reload, in  0.638 seconds
Platform modules already initialized, skipping
Refreshing native plugins compatible for Editor in 0.20 ms, found 0 plugins.
Preloading 0 native plugins for Editor in 0.00 ms.
Unloading 1114 Unused Serialized files (Serialized files now loaded: 0)
System memory in use before: 60.6 MB.
System memory in use after: 60.7 MB.

Unloading 5 unused Assets to reduce memory usage. Loaded Objects now: 1627.
Total: 1.365800 ms (FindLiveObjects: 0.132700 ms CreateObjectMapping: 0.028600 ms MarkObjects: 1.161400 ms  DeleteObjects: 0.042200 ms)

========================================================================
Received Import Request.
  Time since last request: 108.979176 seconds.
  path: ProjectSettings/TagManager.asset
  artifactKey: Guid(00000000000000003000000000000000) Importer(815301076,1909f56bfc062723c751e8b465ee728b)
Start importing ProjectSettings/TagManager.asset using Guid(00000000000000003000000000000000) Importer(815301076,1909f56bfc062723c751e8b465ee728b)  -> (artifact id: '9274ce4079a5137dd04f6e6c4d809583') in 0.015956 seconds
  Import took 0.017867 seconds .

========================================================================
Received Import Request.
  Time since last request: 166.215958 seconds.
  path: Assets/Prefabs/Apple.prefab
  artifactKey: Guid(5977662e4c32bfe4f8fffc1dfd501a97) Importer(815301076,1909f56bfc062723c751e8b465ee728b)
Start importing Assets/Prefabs/Apple.prefab using Guid(5977662e4c32bfe4f8fffc1dfd501a97) Importer(815301076,1909f56bfc062723c751e8b465ee728b)  -> (artifact id: 'b44ef84844758e106056185aa3101270') in 0.041079 seconds
  Import took 0.043069 seconds .

========================================================================
Received Import Request.
  Time since last request: 0.003208 seconds.
  path: Assets/Prefabs/Apple.prefab
  artifactKey: Guid(5977662e4c32bfe4f8fffc1dfd501a97) Importer(815301076,1909f56bfc062723c751e8b465ee728b)
Start importing Assets/Prefabs/Apple.prefab using Guid(5977662e4c32bfe4f8fffc1dfd501a97) Importer(815301076,1909f56bfc062723c751e8b465ee728b)  -> (artifact id: 'b44ef84844758e106056185aa3101270') in 0.007943 seconds
  Import took 0.010273 seconds .

========================================================================
Received Import Request.
  Time since last request: 114.944860 seconds.
  path: Assets/Materials/Mat_Basket.mat
  artifactKey: Guid(dc7abefb91fac2f4a8a8e74d9d71df88) Importer(815301076,1909f56bfc062723c751e8b465ee728b)
Start importing Assets/Materials/Mat_Basket.mat using Guid(dc7abefb91fac2f4a8a8e74d9d71df88) Importer(815301076,1909f56bfc062723c751e8b465ee728b)  -> (artifact id: '208d5b60ac8ed38afa053d822dafcd64') in 0.029815 seconds
  Import took 0.031532 seconds .

========================================================================
Received Import Request.
  Time since last request: 280.590216 seconds.
  path: Assets/Prefabs/Basket.prefab
  artifactKey: Guid(f38a331199f1d9048bb1f619f8dedcfc) Importer(815301076,1909f56bfc062723c751e8b465ee728b)
Start importing Assets/Prefabs/Basket.prefab using Guid(f38a331199f1d9048bb1f619f8dedcfc) Importer(815301076,1909f56bfc062723c751e8b465ee728b)  -> (artifact id: 'd20b635088c852fecb8e26bcd1917331') in 0.018156 seconds
  Import took 0.020720 seconds .

========================================================================
Received Import Request.
  Time since last request: 62.950935 seconds.
  path: Assets/Materials/Mat_Basket.mat
  artifactKey: Guid(dc7abefb91fac2f4a8a8e74d9d71df88) Importer(815301076,1909f56bfc062723c751e8b465ee728b)
Start importing Assets/Materials/Mat_Basket.mat using Guid(dc7abefb91fac2f4a8a8e74d9d71df88) Importer(815301076,1909f56bfc062723c751e8b465ee728b)  -> (artifact id: '3c51d133cc484054dc38c17a0b817f9f') in 0.015824 seconds
  Import took 0.018059 seconds .

========================================================================
Received Import Request.
  Time since last request: 3.354319 seconds.
  path: Assets/Scenes
  artifactKey: Guid(bd0437310a03f1742ae62c8d1fbe7550) Importer(815301076,1909f56bfc062723c751e8b465ee728b)
Start importing Assets/Scenes using Guid(bd0437310a03f1742ae62c8d1fbe7550) Importer(815301076,1909f56bfc062723c751e8b465ee728b)  -> (artifact id: '40713378818d660ba45e404dbb5cd636') in 0.008190 seconds
  Import took 0.009938 seconds .

========================================================================
Received Prepare
Registering precompiled user dll's ...
Registered in 0.000563 seconds.
Begin MonoManager ReloadAssembly
Native extension for WindowsStandalone target not found
Native extension for WebGL target not found
Refreshing native plugins compatible for Editor in 0.19 ms, found 0 plugins.
Preloading 0 native plugins for Editor in 0.00 ms.
Invoked RoslynAnalysisRunner static constructor.
RoslynAnalysisRunner will not be running.
RoslynAnalysisRunner has terminated.
Mono: successfully reloaded assembly
- Completed reload, in  0.617 seconds
Platform modules already initialized, skipping
Refreshing native plugins compatible for Editor in 0.18 ms, found 0 plugins.
Preloading 0 native plugins for Editor in 0.00 ms.
Unloading 1114 Unused Serialized files (Serialized files now loaded: 0)
System memory in use before: 60.7 MB.
System memory in use after: 60.8 MB.

Unloading 6 unused Assets to reduce memory usage. Loaded Objects now: 1632.
Total: 1.287800 ms (FindLiveObjects: 0.113700 ms CreateObjectMapping: 0.024200 ms MarkObjects: 1.104200 ms  DeleteObjects: 0.044900 ms)

========================================================================
Received Import Request.
  Time since last request: 2212.659363 seconds.
  path: Assets/Scripts/AppleTree.cs
  artifactKey: Guid(ef6199ec801ac66418d822e638b852eb) Importer(815301076,1909f56bfc062723c751e8b465ee728b)
Start importing Assets/Scripts/AppleTree.cs using Guid(ef6199ec801ac66418d822e638b852eb) Importer(815301076,1909f56bfc062723c751e8b465ee728b)  -> (artifact id: '757437b62578c18b584cd0930501858a') in 0.003791 seconds
  Import took 0.005318 seconds .

========================================================================
Received Prepare
Registering precompiled user dll's ...
Registered in 0.000603 seconds.
Begin MonoManager ReloadAssembly
Native extension for WindowsStandalone target not found
Native extension for WebGL target not found
Refreshing native plugins compatible for Editor in 0.19 ms, found 0 plugins.
Preloading 0 native plugins for Editor in 0.00 ms.
Invoked RoslynAnalysisRunner static constructor.
RoslynAnalysisRunner will not be running.
RoslynAnalysisRunner has terminated.
Mono: successfully reloaded assembly
- Completed reload, in  0.646 seconds
Platform modules already initialized, skipping
Refreshing native plugins compatible for Editor in 0.18 ms, found 0 plugins.
Preloading 0 native plugins for Editor in 0.00 ms.
Unloading 1114 Unused Serialized files (Serialized files now loaded: 0)
System memory in use before: 60.7 MB.
System memory in use after: 60.8 MB.

Unloading 5 unused Assets to reduce memory usage. Loaded Objects now: 1635.
Total: 1.527600 ms (FindLiveObjects: 0.154300 ms CreateObjectMapping: 0.031000 ms MarkObjects: 1.284900 ms  DeleteObjects: 0.056500 ms)

========================================================================
Received Import Request.
  Time since last request: 170.335058 seconds.
  path: Assets/Prefabs/Apple Tree.prefab
  artifactKey: Guid(8884ff1b9e461524da4c4d95318507d4) Importer(815301076,1909f56bfc062723c751e8b465ee728b)
Start importing Assets/Prefabs/Apple Tree.prefab using Guid(8884ff1b9e461524da4c4d95318507d4) Importer(815301076,1909f56bfc062723c751e8b465ee728b)  -> (artifact id: 'ac5c61e0d3cf2c1da88231559df1cf80') in 0.058664 seconds
  Import took 0.060578 seconds .

========================================================================
Received Prepare
Registering precompiled user dll's ...
Registered in 0.000566 seconds.
Begin MonoManager ReloadAssembly
Native extension for WindowsStandalone target not found
Native extension for WebGL target not found
Refreshing native plugins compatible for Editor in 0.23 ms, found 0 plugins.
Preloading 0 native plugins for Editor in 0.00 ms.
Invoked RoslynAnalysisRunner static constructor.
RoslynAnalysisRunner will not be running.
RoslynAnalysisRunner has terminated.
Mono: successfully reloaded assembly
- Completed reload, in  0.637 seconds
Platform modules already initialized, skipping
Refreshing native plugins compatible for Editor in 0.22 ms, found 0 plugins.
Preloading 0 native plugins for Editor in 0.00 ms.
Unloading 1114 Unused Serialized files (Serialized files now loaded: 0)
System memory in use before: 60.7 MB.
System memory in use after: 60.8 MB.

Unloading 5 unused Assets to reduce memory usage. Loaded Objects now: 1639.
Total: 1.412800 ms (FindLiveObjects: 0.194900 ms CreateObjectMapping: 0.036900 ms MarkObjects: 1.137000 ms  DeleteObjects: 0.043300 ms)

========================================================================
Received Import Request.
  Time since last request: 73.514036 seconds.
  path: Assets/Prefabs/Apple Tree.prefab
  artifactKey: Guid(8884ff1b9e461524da4c4d95318507d4) Importer(815301076,1909f56bfc062723c751e8b465ee728b)
Start importing Assets/Prefabs/Apple Tree.prefab using Guid(8884ff1b9e461524da4c4d95318507d4) Importer(815301076,1909f56bfc062723c751e8b465ee728b)  -> (artifact id: 'a085d467409c5e1536653c805be6ad17') in 0.041922 seconds
  Import took 0.043762 seconds .

========================================================================
Received Prepare
Registering precompiled user dll's ...
Registered in 0.000528 seconds.
Begin MonoManager ReloadAssembly
Native extension for WindowsStandalone target not found
Native extension for WebGL target not found
Refreshing native plugins compatible for Editor in 0.20 ms, found 0 plugins.
Preloading 0 native plugins for Editor in 0.00 ms.
Invoked RoslynAnalysisRunner static constructor.
RoslynAnalysisRunner will not be running.
RoslynAnalysisRunner has terminated.
Mono: successfully reloaded assembly
- Completed reload, in  0.644 seconds
Platform modules already initialized, skipping
Refreshing native plugins compatible for Editor in 0.18 ms, found 0 plugins.
Preloading 0 native plugins for Editor in 0.00 ms.
Unloading 1114 Unused Serialized files (Serialized files now loaded: 0)
System memory in use before: 60.7 MB.
System memory in use after: 60.8 MB.

Unloading 5 unused Assets to reduce memory usage. Loaded Objects now: 1643.
Total: 1.400100 ms (FindLiveObjects: 0.132800 ms CreateObjectMapping: 0.028000 ms MarkObjects: 1.192200 ms  DeleteObjects: 0.046000 ms)

========================================================================
Received Prepare
Registering precompiled user dll's ...
Registered in 0.000540 seconds.
Begin MonoManager ReloadAssembly
Native extension for WindowsStandalone target not found
Native extension for WebGL target not found
Refreshing native plugins compatible for Editor in 0.27 ms, found 0 plugins.
Preloading 0 native plugins for Editor in 0.00 ms.
Invoked RoslynAnalysisRunner static constructor.
RoslynAnalysisRunner will not be running.
RoslynAnalysisRunner has terminated.
Mono: successfully reloaded assembly
- Completed reload, in  0.659 seconds
Platform modules already initialized, skipping
Refreshing native plugins compatible for Editor in 0.18 ms, found 0 plugins.
Preloading 0 native plugins for Editor in 0.00 ms.
Unloading 1114 Unused Serialized files (Serialized files now loaded: 0)
System memory in use before: 60.7 MB.
System memory in use after: 60.8 MB.

Unloading 5 unused Assets to reduce memory usage. Loaded Objects now: 1646.
Total: 1.316400 ms (FindLiveObjects: 0.128600 ms CreateObjectMapping: 0.025700 ms MarkObjects: 1.118000 ms  DeleteObjects: 0.043300 ms)

========================================================================
Received Prepare
Registering precompiled user dll's ...
Registered in 0.000539 seconds.
Begin MonoManager ReloadAssembly
Native extension for WindowsStandalone target not found
Native extension for WebGL target not found
Refreshing native plugins compatible for Editor in 0.18 ms, found 0 plugins.
Preloading 0 native plugins for Editor in 0.00 ms.
Invoked RoslynAnalysisRunner static constructor.
RoslynAnalysisRunner will not be running.
RoslynAnalysisRunner has terminated.
Mono: successfully reloaded assembly
- Completed reload, in  0.604 seconds
Platform modules already initialized, skipping
Refreshing native plugins compatible for Editor in 0.18 ms, found 0 plugins.
Preloading 0 native plugins for Editor in 0.00 ms.
Unloading 1114 Unused Serialized files (Serialized files now loaded: 0)
System memory in use before: 60.7 MB.
System memory in use after: 60.8 MB.

Unloading 5 unused Assets to reduce memory usage. Loaded Objects now: 1649.
Total: 1.394500 ms (FindLiveObjects: 0.164600 ms CreateObjectMapping: 0.029800 ms MarkObjects: 1.152200 ms  DeleteObjects: 0.046900 ms)

========================================================================
Received Prepare
Registering precompiled user dll's ...
Registered in 0.000571 seconds.
Begin MonoManager ReloadAssembly
Native extension for WindowsStandalone target not found
Native extension for WebGL target not found
Refreshing native plugins compatible for Editor in 0.19 ms, found 0 plugins.
Preloading 0 native plugins for Editor in 0.00 ms.
Invoked RoslynAnalysisRunner static constructor.
RoslynAnalysisRunner will not be running.
RoslynAnalysisRunner has terminated.
Mono: successfully reloaded assembly
- Completed reload, in  0.630 seconds
Platform modules already initialized, skipping
Refreshing native plugins compatible for Editor in 0.18 ms, found 0 plugins.
Preloading 0 native plugins for Editor in 0.00 ms.
Unloading 1114 Unused Serialized files (Serialized files now loaded: 0)
System memory in use before: 60.7 MB.
System memory in use after: 60.8 MB.

Unloading 5 unused Assets to reduce memory usage. Loaded Objects now: 1652.
Total: 1.450000 ms (FindLiveObjects: 0.150600 ms CreateObjectMapping: 0.025600 ms MarkObjects: 1.224700 ms  DeleteObjects: 0.048000 ms)

========================================================================
Received Import Request.
  Time since last request: 1057.665980 seconds.
  path: Assets/Prefabs/Apple Tree.prefab
  artifactKey: Guid(8884ff1b9e461524da4c4d95318507d4) Importer(815301076,1909f56bfc062723c751e8b465ee728b)
Start importing Assets/Prefabs/Apple Tree.prefab using Guid(8884ff1b9e461524da4c4d95318507d4) Importer(815301076,1909f56bfc062723c751e8b465ee728b)  -> (artifact id: '9be8fd8d1c5ba86af4c2ea7a7b24fbaa') in 0.042055 seconds
  Import took 0.043739 seconds .

========================================================================
Received Prepare
Registering precompiled user dll's ...
Registered in 0.000677 seconds.
Begin MonoManager ReloadAssembly
Native extension for WindowsStandalone target not found
Native extension for WebGL target not found
Refreshing native plugins compatible for Editor in 0.18 ms, found 0 plugins.
Preloading 0 native plugins for Editor in 0.00 ms.
Invoked RoslynAnalysisRunner static constructor.
RoslynAnalysisRunner will not be running.
RoslynAnalysisRunner has terminated.
Mono: successfully reloaded assembly
- Completed reload, in  0.630 seconds
Platform modules already initialized, skipping
Refreshing native plugins compatible for Editor in 0.17 ms, found 0 plugins.
Preloading 0 native plugins for Editor in 0.00 ms.
Unloading 1114 Unused Serialized files (Serialized files now loaded: 0)
System memory in use before: 60.7 MB.
System memory in use after: 60.8 MB.

Unloading 5 unused Assets to reduce memory usage. Loaded Objects now: 1656.
Total: 1.470000 ms (FindLiveObjects: 0.162900 ms CreateObjectMapping: 0.028100 ms MarkObjects: 1.226500 ms  DeleteObjects: 0.051500 ms)

========================================================================
Received Prepare
Registering precompiled user dll's ...
Registered in 0.000625 seconds.
Begin MonoManager ReloadAssembly
Native extension for WindowsStandalone target not found
Native extension for WebGL target not found
Refreshing native plugins compatible for Editor in 0.22 ms, found 0 plugins.
Preloading 0 native plugins for Editor in 0.00 ms.
Invoked RoslynAnalysisRunner static constructor.
RoslynAnalysisRunner will not be running.
RoslynAnalysisRunner has terminated.
Mono: successfully reloaded assembly
- Completed reload, in  0.640 seconds
Platform modules already initialized, skipping
Refreshing native plugins compatible for Editor in 0.18 ms, found 0 plugins.
Preloading 0 native plugins for Editor in 0.00 ms.
Unloading 1114 Unused Serialized files (Serialized files now loaded: 0)
System memory in use before: 60.7 MB.
System memory in use after: 60.8 MB.

Unloading 5 unused Assets to reduce memory usage. Loaded Objects now: 1659.
Total: 1.489000 ms (FindLiveObjects: 0.201500 ms CreateObjectMapping: 0.036600 ms MarkObjects: 1.206400 ms  DeleteObjects: 0.043400 ms)

========================================================================
Received Prepare
Registering precompiled user dll's ...
Registered in 0.000498 seconds.
Begin MonoManager ReloadAssembly
Native extension for WindowsStandalone target not found
Native extension for WebGL target not found
Refreshing native plugins compatible for Editor in 0.18 ms, found 0 plugins.
Preloading 0 native plugins for Editor in 0.00 ms.
Invoked RoslynAnalysisRunner static constructor.
RoslynAnalysisRunner will not be running.
RoslynAnalysisRunner has terminated.
Mono: successfully reloaded assembly
- Completed reload, in  0.621 seconds
Platform modules already initialized, skipping
Refreshing native plugins compatible for Editor in 0.20 ms, found 0 plugins.
Preloading 0 native plugins for Editor in 0.00 ms.
Unloading 1114 Unused Serialized files (Serialized files now loaded: 0)
System memory in use before: 60.8 MB.
System memory in use after: 60.8 MB.

Unloading 5 unused Assets to reduce memory usage. Loaded Objects now: 1662.
Total: 1.447600 ms (FindLiveObjects: 0.141600 ms CreateObjectMapping: 0.024100 ms MarkObjects: 1.233000 ms  DeleteObjects: 0.048300 ms)

========================================================================
Received Import Request.
  Time since last request: 293.850988 seconds.
  path: Assets/Prefabs/Apple Tree.prefab
  artifactKey: Guid(8884ff1b9e461524da4c4d95318507d4) Importer(815301076,1909f56bfc062723c751e8b465ee728b)
Start importing Assets/Prefabs/Apple Tree.prefab using Guid(8884ff1b9e461524da4c4d95318507d4) Importer(815301076,1909f56bfc062723c751e8b465ee728b)  -> (artifact id: '167fc7caadd2fed918d49c4ee43bd370') in 0.042897 seconds
  Import took 0.044654 seconds .

========================================================================
Received Prepare
Registering precompiled user dll's ...
Registered in 0.000469 seconds.
Begin MonoManager ReloadAssembly
Native extension for WindowsStandalone target not found
Native extension for WebGL target not found
Refreshing native plugins compatible for Editor in 0.19 ms, found 0 plugins.
Preloading 0 native plugins for Editor in 0.00 ms.
Invoked RoslynAnalysisRunner static constructor.
RoslynAnalysisRunner will not be running.
RoslynAnalysisRunner has terminated.
Mono: successfully reloaded assembly
- Completed reload, in  0.616 seconds
Platform modules already initialized, skipping
Refreshing native plugins compatible for Editor in 0.28 ms, found 0 plugins.
Preloading 0 native plugins for Editor in 0.00 ms.
Unloading 1114 Unused Serialized files (Serialized files now loaded: 0)
System memory in use before: 60.8 MB.
System memory in use after: 60.8 MB.

Unloading 5 unused Assets to reduce memory usage. Loaded Objects now: 1666.
Total: 1.402500 ms (FindLiveObjects: 0.134000 ms CreateObjectMapping: 0.024600 ms MarkObjects: 1.198600 ms  DeleteObjects: 0.044500 ms)

========================================================================
Received Import Request.
  Time since last request: 114.056534 seconds.
  path: Assets/Prefabs/Apple Tree.prefab
  artifactKey: Guid(8884ff1b9e461524da4c4d95318507d4) Importer(815301076,1909f56bfc062723c751e8b465ee728b)
Start importing Assets/Prefabs/Apple Tree.prefab using Guid(8884ff1b9e461524da4c4d95318507d4) Importer(815301076,1909f56bfc062723c751e8b465ee728b)  -> (artifact id: '1d89624cc74488a195bd9f604b154c39') in 0.043429 seconds
  Import took 0.045320 seconds .

========================================================================
Received Prepare
Registering precompiled user dll's ...
Registered in 0.000526 seconds.
Begin MonoManager ReloadAssembly
Native extension for WindowsStandalone target not found
Native extension for WebGL target not found
Refreshing native plugins compatible for Editor in 0.20 ms, found 0 plugins.
Preloading 0 native plugins for Editor in 0.00 ms.
Invoked RoslynAnalysisRunner static constructor.
RoslynAnalysisRunner will not be running.
RoslynAnalysisRunner has terminated.
Mono: successfully reloaded assembly
- Completed reload, in  0.620 seconds
Platform modules already initialized, skipping
Refreshing native plugins compatible for Editor in 0.18 ms, found 0 plugins.
Preloading 0 native plugins for Editor in 0.00 ms.
Unloading 1114 Unused Serialized files (Serialized files now loaded: 0)
System memory in use before: 60.8 MB.
System memory in use after: 60.9 MB.

Unloading 5 unused Assets to reduce memory usage. Loaded Objects now: 1670.
Total: 1.339400 ms (FindLiveObjects: 0.130200 ms CreateObjectMapping: 0.026600 ms MarkObjects: 1.138900 ms  DeleteObjects: 0.042800 ms)

========================================================================
Received Import Request.
  Time since last request: 596.706316 seconds.
  path: ProjectSettings/TagManager.asset
  artifactKey: Guid(00000000000000003000000000000000) Importer(815301076,1909f56bfc062723c751e8b465ee728b)
Start importing ProjectSettings/TagManager.asset using Guid(00000000000000003000000000000000) Importer(815301076,1909f56bfc062723c751e8b465ee728b)  -> (artifact id: '67ac8c49a8dc641514b749d7d3b6c6bb') in 0.014652 seconds
  Import took 0.016536 seconds .

========================================================================
Received Import Request.
  Time since last request: 321.749196 seconds.
  path: Assets/Prefabs/Apple.prefab
  artifactKey: Guid(5977662e4c32bfe4f8fffc1dfd501a97) Importer(815301076,1909f56bfc062723c751e8b465ee728b)
Start importing Assets/Prefabs/Apple.prefab using Guid(5977662e4c32bfe4f8fffc1dfd501a97) Importer(815301076,1909f56bfc062723c751e8b465ee728b)  -> (artifact id: '7b1b68c7df0f6865c8d340c0fa86a3f3') in 0.042808 seconds
  Import took 0.044831 seconds .

========================================================================
Received Import Request.
  Time since last request: 3.312963 seconds.
  path: Assets/Prefabs/Basket.prefab
  artifactKey: Guid(f38a331199f1d9048bb1f619f8dedcfc) Importer(815301076,1909f56bfc062723c751e8b465ee728b)
Start importing Assets/Prefabs/Basket.prefab using Guid(f38a331199f1d9048bb1f619f8dedcfc) Importer(815301076,1909f56bfc062723c751e8b465ee728b)  -> (artifact id: '391fc08e8432b89cc12f955ffbfeb830') in 0.012986 seconds
  Import took 0.014904 seconds .

========================================================================
Received Import Request.
  Time since last request: 4.222954 seconds.
  path: Assets/Prefabs/Apple Tree.prefab
  artifactKey: Guid(8884ff1b9e461524da4c4d95318507d4) Importer(815301076,1909f56bfc062723c751e8b465ee728b)
Start importing Assets/Prefabs/Apple Tree.prefab using Guid(8884ff1b9e461524da4c4d95318507d4) Importer(815301076,1909f56bfc062723c751e8b465ee728b)  -> (artifact id: '7a2104a686de7971db59d5890e47b365') in 0.009746 seconds
  Import took 0.011610 seconds .

========================================================================
Received Prepare
Registering precompiled user dll's ...
Registered in 0.000508 seconds.
Begin MonoManager ReloadAssembly
Native extension for WindowsStandalone target not found
Native extension for WebGL target not found
Refreshing native plugins compatible for Editor in 0.20 ms, found 0 plugins.
Preloading 0 native plugins for Editor in 0.00 ms.
Invoked RoslynAnalysisRunner static constructor.
RoslynAnalysisRunner will not be running.
RoslynAnalysisRunner has terminated.
Mono: successfully reloaded assembly
- Completed reload, in  0.600 seconds
Platform modules already initialized, skipping
Refreshing native plugins compatible for Editor in 0.16 ms, found 0 plugins.
Preloading 0 native plugins for Editor in 0.00 ms.
Unloading 1114 Unused Serialized files (Serialized files now loaded: 0)
System memory in use before: 60.8 MB.
System memory in use after: 60.9 MB.

Unloading 6 unused Assets to reduce memory usage. Loaded Objects now: 1674.
Total: 1.423500 ms (FindLiveObjects: 0.137200 ms CreateObjectMapping: 0.031000 ms MarkObjects: 1.207400 ms  DeleteObjects: 0.047000 ms)

========================================================================
Received Import Request.
  Time since last request: 90.900925 seconds.
  path: Assets/Prefabs/Apple Tree.prefab
  artifactKey: Guid(8884ff1b9e461524da4c4d95318507d4) Importer(815301076,1909f56bfc062723c751e8b465ee728b)
Start importing Assets/Prefabs/Apple Tree.prefab using Guid(8884ff1b9e461524da4c4d95318507d4) Importer(815301076,1909f56bfc062723c751e8b465ee728b)  -> (artifact id: '8f1a57daae0172005e3fd8cc1155fa16') in 0.041667 seconds
  Import took 0.043436 seconds .

========================================================================
Received Prepare
Registering precompiled user dll's ...
Registered in 0.000546 seconds.
Begin MonoManager ReloadAssembly
Native extension for WindowsStandalone target not found
Native extension for WebGL target not found
Refreshing native plugins compatible for Editor in 0.20 ms, found 0 plugins.
Preloading 0 native plugins for Editor in 0.00 ms.
Invoked RoslynAnalysisRunner static constructor.
RoslynAnalysisRunner will not be running.
RoslynAnalysisRunner has terminated.
Mono: successfully reloaded assembly
- Completed reload, in  0.601 seconds
Platform modules already initialized, skipping
Refreshing native plugins compatible for Editor in 0.20 ms, found 0 plugins.
Preloading 0 native plugins for Editor in 0.00 ms.
Unloading 1114 Unused Serialized files (Serialized files now loaded: 0)
System memory in use before: 60.8 MB.
System memory in use after: 60.9 MB.

Unloading 5 unused Assets to reduce memory usage. Loaded Objects now: 1678.
Total: 1.435500 ms (FindLiveObjects: 0.136400 ms CreateObjectMapping: 0.023600 ms MarkObjects: 1.222800 ms  DeleteObjects: 0.051900 ms)

========================================================================
Received Prepare
Registering precompiled user dll's ...
Registered in 0.000607 seconds.
Begin MonoManager ReloadAssembly
Native extension for WindowsStandalone target not found
Native extension for WebGL target not found
Refreshing native plugins compatible for Editor in 0.18 ms, found 0 plugins.
Preloading 0 native plugins for Editor in 0.00 ms.
Invoked RoslynAnalysisRunner static constructor.
RoslynAnalysisRunner will not be running.
RoslynAnalysisRunner has terminated.
Mono: successfully reloaded assembly
- Completed reload, in  0.624 seconds
Platform modules already initialized, skipping
Refreshing native plugins compatible for Editor in 0.19 ms, found 0 plugins.
Preloading 0 native plugins for Editor in 0.00 ms.
Unloading 1114 Unused Serialized files (Serialized files now loaded: 0)
System memory in use before: 60.8 MB.
System memory in use after: 60.9 MB.

Unloading 5 unused Assets to reduce memory usage. Loaded Objects now: 1681.
Total: 1.706300 ms (FindLiveObjects: 0.189200 ms CreateObjectMapping: 0.034200 ms MarkObjects: 1.424400 ms  DeleteObjects: 0.057800 ms)

========================================================================
Received Import Request.
  Time since last request: 127.438478 seconds.
  path: Assets/Scripts/Apple.cs
  artifactKey: Guid(b417a954ffe3c454ebd3f3e72ffab7ee) Importer(815301076,1909f56bfc062723c751e8b465ee728b)
Start importing Assets/Scripts/Apple.cs using Guid(b417a954ffe3c454ebd3f3e72ffab7ee) Importer(815301076,1909f56bfc062723c751e8b465ee728b)  -> (artifact id: '6f772578dff75c042be513fc7d7ce88e') in 0.003697 seconds
  Import took 0.005348 seconds .

========================================================================
Received Import Request.
  Time since last request: 8.711220 seconds.
  path: Assets/Prefabs/Apple.prefab
  artifactKey: Guid(5977662e4c32bfe4f8fffc1dfd501a97) Importer(815301076,1909f56bfc062723c751e8b465ee728b)
Start importing Assets/Prefabs/Apple.prefab using Guid(5977662e4c32bfe4f8fffc1dfd501a97) Importer(815301076,1909f56bfc062723c751e8b465ee728b)  -> (artifact id: '8efbe3c30146f08bf28f7e53d7013702') in 0.044235 seconds
  Import took 0.046051 seconds .

========================================================================
Received Prepare
Registering precompiled user dll's ...
Registered in 0.000553 seconds.
Begin MonoManager ReloadAssembly
Native extension for WindowsStandalone target not found
Native extension for WebGL target not found
Refreshing native plugins compatible for Editor in 0.20 ms, found 0 plugins.
Preloading 0 native plugins for Editor in 0.00 ms.
Invoked RoslynAnalysisRunner static constructor.
RoslynAnalysisRunner will not be running.
RoslynAnalysisRunner has terminated.
Mono: successfully reloaded assembly
- Completed reload, in  0.611 seconds
Platform modules already initialized, skipping
Refreshing native plugins compatible for Editor in 0.19 ms, found 0 plugins.
Preloading 0 native plugins for Editor in 0.00 ms.
Unloading 1114 Unused Serialized files (Serialized files now loaded: 0)
System memory in use before: 60.8 MB.
System memory in use after: 60.9 MB.

Unloading 5 unused Assets to reduce memory usage. Loaded Objects now: 1685.
Total: 1.324800 ms (FindLiveObjects: 0.131000 ms CreateObjectMapping: 0.025100 ms MarkObjects: 1.123800 ms  DeleteObjects: 0.044100 ms)

========================================================================
Received Prepare
Registering precompiled user dll's ...
Registered in 0.000570 seconds.
Begin MonoManager ReloadAssembly
Native extension for WindowsStandalone target not found
Native extension for WebGL target not found
Refreshing native plugins compatible for Editor in 0.18 ms, found 0 plugins.
Preloading 0 native plugins for Editor in 0.00 ms.
Invoked RoslynAnalysisRunner static constructor.
RoslynAnalysisRunner will not be running.
RoslynAnalysisRunner has terminated.
Mono: successfully reloaded assembly
- Completed reload, in  0.634 seconds
Platform modules already initialized, skipping
Refreshing native plugins compatible for Editor in 0.18 ms, found 0 plugins.
Preloading 0 native plugins for Editor in 0.00 ms.
Unloading 1114 Unused Serialized files (Serialized files now loaded: 0)
System memory in use before: 60.8 MB.
System memory in use after: 60.9 MB.

Unloading 5 unused Assets to reduce memory usage. Loaded Objects now: 1688.
Total: 1.550400 ms (FindLiveObjects: 0.195200 ms CreateObjectMapping: 0.026300 ms MarkObjects: 1.262700 ms  DeleteObjects: 0.065200 ms)

========================================================================
Received Prepare
Registering precompiled user dll's ...
Registered in 0.000504 seconds.
Begin MonoManager ReloadAssembly
Native extension for WindowsStandalone target not found
Native extension for WebGL target not found
Refreshing native plugins compatible for Editor in 0.18 ms, found 0 plugins.
Preloading 0 native plugins for Editor in 0.00 ms.
Invoked RoslynAnalysisRunner static constructor.
RoslynAnalysisRunner will not be running.
RoslynAnalysisRunner has terminated.
Mono: successfully reloaded assembly
- Completed reload, in  0.608 seconds
Platform modules already initialized, skipping
Refreshing native plugins compatible for Editor in 0.18 ms, found 0 plugins.
Preloading 0 native plugins for Editor in 0.00 ms.
Unloading 1114 Unused Serialized files (Serialized files now loaded: 0)
System memory in use before: 60.8 MB.
System memory in use after: 60.9 MB.

Unloading 5 unused Assets to reduce memory usage. Loaded Objects now: 1691.
Total: 1.388700 ms (FindLiveObjects: 0.139900 ms CreateObjectMapping: 0.027900 ms MarkObjects: 1.173200 ms  DeleteObjects: 0.046800 ms)

========================================================================
Received Prepare
Registering precompiled user dll's ...
Registered in 0.000586 seconds.
Begin MonoManager ReloadAssembly
Native extension for WindowsStandalone target not found
Native extension for WebGL target not found
Refreshing native plugins compatible for Editor in 0.19 ms, found 0 plugins.
Preloading 0 native plugins for Editor in 0.00 ms.
Invoked RoslynAnalysisRunner static constructor.
RoslynAnalysisRunner will not be running.
RoslynAnalysisRunner has terminated.
Mono: successfully reloaded assembly
- Completed reload, in  0.649 seconds
Platform modules already initialized, skipping
Refreshing native plugins compatible for Editor in 0.20 ms, found 0 plugins.
Preloading 0 native plugins for Editor in 0.00 ms.
Unloading 1114 Unused Serialized files (Serialized files now loaded: 0)
System memory in use before: 60.8 MB.
System memory in use after: 60.9 MB.

Unloading 5 unused Assets to reduce memory usage. Loaded Objects now: 1694.
Total: 1.356800 ms (FindLiveObjects: 0.135400 ms CreateObjectMapping: 0.029100 ms MarkObjects: 1.147600 ms  DeleteObjects: 0.043900 ms)

========================================================================
Received Prepare
Registering precompiled user dll's ...
Registered in 0.000838 seconds.
Begin MonoManager ReloadAssembly
Native extension for WindowsStandalone target not found
Native extension for WebGL target not found
Refreshing native plugins compatible for Editor in 0.19 ms, found 0 plugins.
Preloading 0 native plugins for Editor in 0.00 ms.
Invoked RoslynAnalysisRunner static constructor.
RoslynAnalysisRunner will not be running.
RoslynAnalysisRunner has terminated.
Mono: successfully reloaded assembly
- Completed reload, in  0.710 seconds
Platform modules already initialized, skipping
Refreshing native plugins compatible for Editor in 0.22 ms, found 0 plugins.
Preloading 0 native plugins for Editor in 0.00 ms.
Unloading 1114 Unused Serialized files (Serialized files now loaded: 0)
System memory in use before: 60.8 MB.
System memory in use after: 60.9 MB.

Unloading 5 unused Assets to reduce memory usage. Loaded Objects now: 1697.
Total: 2.047400 ms (FindLiveObjects: 0.251700 ms CreateObjectMapping: 0.033100 ms MarkObjects: 1.698900 ms  DeleteObjects: 0.062600 ms)

========================================================================
Received Import Request.
  Time since last request: 310.712118 seconds.
  path: Assets/Prefabs/Basket.prefab
  artifactKey: Guid(f38a331199f1d9048bb1f619f8dedcfc) Importer(815301076,1909f56bfc062723c751e8b465ee728b)
Start importing Assets/Prefabs/Basket.prefab using Guid(f38a331199f1d9048bb1f619f8dedcfc) Importer(815301076,1909f56bfc062723c751e8b465ee728b)  -> (artifact id: 'b8db4dee74de54a296c4f450d8871f15') in 0.042952 seconds
  Import took 0.044740 seconds .

========================================================================
Received Prepare
Registering precompiled user dll's ...
Registered in 0.000515 seconds.
Begin MonoManager ReloadAssembly
Native extension for WindowsStandalone target not found
Native extension for WebGL target not found
Refreshing native plugins compatible for Editor in 0.22 ms, found 0 plugins.
Preloading 0 native plugins for Editor in 0.00 ms.
Invoked RoslynAnalysisRunner static constructor.
RoslynAnalysisRunner will not be running.
RoslynAnalysisRunner has terminated.
Mono: successfully reloaded assembly
- Completed reload, in  0.607 seconds
Platform modules already initialized, skipping
Refreshing native plugins compatible for Editor in 0.18 ms, found 0 plugins.
Preloading 0 native plugins for Editor in 0.00 ms.
Unloading 1114 Unused Serialized files (Serialized files now loaded: 0)
System memory in use before: 60.8 MB.
System memory in use after: 60.9 MB.

Unloading 5 unused Assets to reduce memory usage. Loaded Objects now: 1701.
Total: 1.617000 ms (FindLiveObjects: 0.192900 ms CreateObjectMapping: 0.031400 ms MarkObjects: 1.339600 ms  DeleteObjects: 0.052200 ms)

========================================================================
Received Prepare
Registering precompiled user dll's ...
Registered in 0.000548 seconds.
Begin MonoManager ReloadAssembly
Native extension for WindowsStandalone target not found
Native extension for WebGL target not found
Refreshing native plugins compatible for Editor in 0.19 ms, found 0 plugins.
Preloading 0 native plugins for Editor in 0.00 ms.
Invoked RoslynAnalysisRunner static constructor.
RoslynAnalysisRunner will not be running.
RoslynAnalysisRunner has terminated.
Mono: successfully reloaded assembly
- Completed reload, in  0.609 seconds
Platform modules already initialized, skipping
Refreshing native plugins compatible for Editor in 0.30 ms, found 0 plugins.
Preloading 0 native plugins for Editor in 0.00 ms.
Unloading 1114 Unused Serialized files (Serialized files now loaded: 0)
System memory in use before: 60.8 MB.
System memory in use after: 60.9 MB.

Unloading 5 unused Assets to reduce memory usage. Loaded Objects now: 1704.
Total: 1.468900 ms (FindLiveObjects: 0.168500 ms CreateObjectMapping: 0.026400 ms MarkObjects: 1.222700 ms  DeleteObjects: 0.050500 ms)

========================================================================
Received Import Request.
  Time since last request: 292.270954 seconds.
  path: Assets/Scripts/Basket.cs
  artifactKey: Guid(2e21af5ec27bc5440b18cff873f7c66f) Importer(815301076,1909f56bfc062723c751e8b465ee728b)
Start importing Assets/Scripts/Basket.cs using Guid(2e21af5ec27bc5440b18cff873f7c66f) Importer(815301076,1909f56bfc062723c751e8b465ee728b)  -> (artifact id: 'b126b8127c3433eef3d8339ce1672b67') in 0.003769 seconds
  Import took 0.010161 seconds .

========================================================================
Received Import Request.
  Time since last request: 316.400816 seconds.
  path: Assets/Scripts/Basket.cs
  artifactKey: Guid(2e21af5ec27bc5440b18cff873f7c66f) Importer(815301076,1909f56bfc062723c751e8b465ee728b)
Start importing Assets/Scripts/Basket.cs using Guid(2e21af5ec27bc5440b18cff873f7c66f) Importer(815301076,1909f56bfc062723c751e8b465ee728b)  -> (artifact id: '8a2ca7e78e3280ac1d3fd52012d33b41') in 0.002652 seconds
  Import took 0.004460 seconds .

========================================================================
Received Import Request.
  Time since last request: 23.250832 seconds.
  path: Assets/Scenes/Scene_0.unity
  artifactKey: Guid(9fc0d4010bbf28b4594072e72b8655ab) Importer(815301076,1909f56bfc062723c751e8b465ee728b)
Start importing Assets/Scenes/Scene_0.unity using Guid(9fc0d4010bbf28b4594072e72b8655ab) Importer(815301076,1909f56bfc062723c751e8b465ee728b)  -> (artifact id: 'd888043ca50a9331bff4a62bb1062433') in 0.012484 seconds
  Import took 0.014132 seconds .

========================================================================
Received Import Request.
  Time since last request: 2.523811 seconds.
  path: Assets/Scenes/Scene_0 1.unity
  artifactKey: Guid(553c28fe63c64fa49a5b4977eca29780) Importer(815301076,1909f56bfc062723c751e8b465ee728b)
Start importing Assets/Scenes/Scene_0 1.unity using Guid(553c28fe63c64fa49a5b4977eca29780) Importer(815301076,1909f56bfc062723c751e8b465ee728b)  -> (artifact id: '32bcbac57e955a8e1ed6831ccd9929ae') in 0.008367 seconds
  Import took 0.010143 seconds .

========================================================================
Received Import Request.
  Time since last request: 5.593444 seconds.
  path: Assets/Scenes/Scene_1.unity
  artifactKey: Guid(553c28fe63c64fa49a5b4977eca29780) Importer(815301076,1909f56bfc062723c751e8b465ee728b)
Start importing Assets/Scenes/Scene_1.unity using Guid(553c28fe63c64fa49a5b4977eca29780) Importer(815301076,1909f56bfc062723c751e8b465ee728b)  -> (artifact id: '955ad43845dc63db82c81ac14c9b3183') in 0.008030 seconds
  Import took 0.009819 seconds .

========================================================================
Received Prepare
Registering precompiled user dll's ...
Registered in 0.000538 seconds.
Begin MonoManager ReloadAssembly
Native extension for WindowsStandalone target not found
Native extension for WebGL target not found
Refreshing native plugins compatible for Editor in 0.18 ms, found 0 plugins.
Preloading 0 native plugins for Editor in 0.00 ms.
Invoked RoslynAnalysisRunner static constructor.
RoslynAnalysisRunner will not be running.
RoslynAnalysisRunner has terminated.
Mono: successfully reloaded assembly
- Completed reload, in  0.624 seconds
Platform modules already initialized, skipping
Refreshing native plugins compatible for Editor in 0.18 ms, found 0 plugins.
Preloading 0 native plugins for Editor in 0.00 ms.
Unloading 1114 Unused Serialized files (Serialized files now loaded: 0)
System memory in use before: 60.9 MB.
System memory in use after: 60.9 MB.

Unloading 5 unused Assets to reduce memory usage. Loaded Objects now: 1707.
Total: 1.514500 ms (FindLiveObjects: 0.199900 ms CreateObjectMapping: 0.033300 ms MarkObjects: 1.232700 ms  DeleteObjects: 0.047800 ms)

========================================================================
Received Import Request.
  Time since last request: 853.508002 seconds.
  path: Assets/Scripts/Basket.cs
  artifactKey: Guid(2e21af5ec27bc5440b18cff873f7c66f) Importer(815301076,1909f56bfc062723c751e8b465ee728b)
Start importing Assets/Scripts/Basket.cs using Guid(2e21af5ec27bc5440b18cff873f7c66f) Importer(815301076,1909f56bfc062723c751e8b465ee728b)  -> (artifact id: 'c8fc001805a140a0805552a37298e23a') in 0.003471 seconds
  Import took 0.005014 seconds .

========================================================================
Received Prepare
Registering precompiled user dll's ...
Registered in 0.000538 seconds.
Begin MonoManager ReloadAssembly
Native extension for WindowsStandalone target not found
Native extension for WebGL target not found
Refreshing native plugins compatible for Editor in 0.19 ms, found 0 plugins.
Preloading 0 native plugins for Editor in 0.00 ms.
Invoked RoslynAnalysisRunner static constructor.
RoslynAnalysisRunner will not be running.
RoslynAnalysisRunner has terminated.
Mono: successfully reloaded assembly
- Completed reload, in  0.672 seconds
Platform modules already initialized, skipping
Refreshing native plugins compatible for Editor in 0.17 ms, found 0 plugins.
Preloading 0 native plugins for Editor in 0.00 ms.
Unloading 1114 Unused Serialized files (Serialized files now loaded: 0)
System memory in use before: 60.9 MB.
System memory in use after: 61.0 MB.

Unloading 5 unused Assets to reduce memory usage. Loaded Objects now: 1710.
Total: 1.573400 ms (FindLiveObjects: 0.151100 ms CreateObjectMapping: 0.031900 ms MarkObjects: 1.339500 ms  DeleteObjects: 0.050200 ms)

========================================================================
Received Import Request.
  Time since last request: 141.854311 seconds.
  path: Assets/Scripts/Apple.cs
  artifactKey: Guid(b417a954ffe3c454ebd3f3e72ffab7ee) Importer(815301076,1909f56bfc062723c751e8b465ee728b)
Start importing Assets/Scripts/Apple.cs using Guid(b417a954ffe3c454ebd3f3e72ffab7ee) Importer(815301076,1909f56bfc062723c751e8b465ee728b)  -> (artifact id: '50c3227c06979e585bae9068be6553d0') in 0.003567 seconds
  Import took 0.005103 seconds .

========================================================================
Received Import Request.
  Time since last request: 12.126527 seconds.
  path: Assets/Scripts/ApplePicker.cs
  artifactKey: Guid(2568ac3e1606ce24fb519e2cbbe8d9a5) Importer(815301076,1909f56bfc062723c751e8b465ee728b)
Start importing Assets/Scripts/ApplePicker.cs using Guid(2568ac3e1606ce24fb519e2cbbe8d9a5) Importer(815301076,1909f56bfc062723c751e8b465ee728b)  -> (artifact id: '4a51c7c57d640f879e58ee05d71698b2') in 0.002123 seconds
  Import took 0.008373 seconds .

========================================================================
Received Import Request.
  Time since last request: 0.018570 seconds.
  path: Assets/Scripts/ApplePicker.cs
  artifactKey: Guid(2568ac3e1606ce24fb519e2cbbe8d9a5) Importer(815301076,1909f56bfc062723c751e8b465ee728b)
Start importing Assets/Scripts/ApplePicker.cs using Guid(2568ac3e1606ce24fb519e2cbbe8d9a5) Importer(815301076,1909f56bfc062723c751e8b465ee728b)  -> (artifact id: '4a51c7c57d640f879e58ee05d71698b2') in 0.002113 seconds
  Import took 0.003464 seconds .

========================================================================
Received Import Request.
  Time since last request: 296.165839 seconds.
  path: Assets/Scripts/ApplePicker.cs
  artifactKey: Guid(2568ac3e1606ce24fb519e2cbbe8d9a5) Importer(815301076,1909f56bfc062723c751e8b465ee728b)
Start importing Assets/Scripts/ApplePicker.cs using Guid(2568ac3e1606ce24fb519e2cbbe8d9a5) Importer(815301076,1909f56bfc062723c751e8b465ee728b)  -> (artifact id: 'b9717ecdfcd172f6bc6db8ce126e19f4') in 0.002536 seconds
  Import took 0.004491 seconds .

========================================================================
Received Import Request.
  Time since last request: 189.838493 seconds.
  path: Assets/Scripts/HighScore.cs
  artifactKey: Guid(cff1d4eaf41e86c46b469d47120f2692) Importer(815301076,1909f56bfc062723c751e8b465ee728b)
Start importing Assets/Scripts/HighScore.cs using Guid(cff1d4eaf41e86c46b469d47120f2692) Importer(815301076,1909f56bfc062723c751e8b465ee728b)  -> (artifact id: 'd66cea8f96a2986b85f435e3b74942e7') in 0.008688 seconds
  Import took 0.010482 seconds .

========================================================================
Received Import Request.
  Time since last request: 0.004178 seconds.
  path: Assets/Scripts/HighScore.cs
  artifactKey: Guid(cff1d4eaf41e86c46b469d47120f2692) Importer(815301076,1909f56bfc062723c751e8b465ee728b)
Start importing Assets/Scripts/HighScore.cs using Guid(cff1d4eaf41e86c46b469d47120f2692) Importer(815301076,1909f56bfc062723c751e8b465ee728b)  -> (artifact id: 'd66cea8f96a2986b85f435e3b74942e7') in 0.002225 seconds
  Import took 0.003930 seconds .

========================================================================
Received Import Request.
  Time since last request: 65.638798 seconds.
  path: Assets/Scripts/HighScore.cs
  artifactKey: Guid(29c3472f700a3dc46a92b1dc2558178f) Importer(815301076,1909f56bfc062723c751e8b465ee728b)
Start importing Assets/Scripts/HighScore.cs using Guid(29c3472f700a3dc46a92b1dc2558178f) Importer(815301076,1909f56bfc062723c751e8b465ee728b)  -> (artifact id: '63d038127fe3f4dcf8521cf33a7e4015') in 0.002062 seconds
  Import took 0.003748 seconds .

========================================================================
Received Import Request.
  Time since last request: 0.001480 seconds.
  path: Assets/Scripts/HighScore.cs
  artifactKey: Guid(29c3472f700a3dc46a92b1dc2558178f) Importer(815301076,1909f56bfc062723c751e8b465ee728b)
Start importing Assets/Scripts/HighScore.cs using Guid(29c3472f700a3dc46a92b1dc2558178f) Importer(815301076,1909f56bfc062723c751e8b465ee728b)  -> (artifact id: '63d038127fe3f4dcf8521cf33a7e4015') in 0.002126 seconds
  Import took 0.003467 seconds .

========================================================================
Received Import Request.
  Time since last request: 391.002435 seconds.
  path: Assets/Scripts/HighScore.cs
  artifactKey: Guid(29c3472f700a3dc46a92b1dc2558178f) Importer(815301076,1909f56bfc062723c751e8b465ee728b)
Start importing Assets/Scripts/HighScore.cs using Guid(29c3472f700a3dc46a92b1dc2558178f) Importer(815301076,1909f56bfc062723c751e8b465ee728b)  -> (artifact id: '98d5670543684b103cfce66b396b0c19') in 0.002176 seconds
  Import took 0.004301 seconds .

AssetImportWorkerClient::OnTransportError - code=2 error=End of file
